This is LuaHBTeX, Version 1.24.0 (TeX Live 2026)  (format=lualatex 2026.5.1)  16 MAY 2026 14:30
 restricted system commands enabled.
**Desafio01.tex
(./Desafio01.tex[\directlua]:1: module 'lualatexquotejobname.lua' not found:
	no field package.preload['lualatexquotejobname.lua']
	[kpse lua searcher] file not found: 'lualatexquotejobname.lua'
stack traceback:
	[C]: in function 'require'
	[\directlua]:1: in main chunk.
<everyjob> ...directlua {require("lualatexquotejobname.lua")}
                                                  \the \LaTeXReleaseInfo \be...
l.1 
  % Options for packages loaded elsewhere

Here is how much of LuaTeX's memory you used:
 7 strings out of 475900
 100000,460012 words of node,token memory allocated
 275 words of node memory still in use:
   1 hlist, 1 dir, 39 glue_spec nodes
   avail lists: 2:12,3:3,4:1
 22743 multiletter control sequences out of 65536+600000
 14 fonts using 591679 bytes
 2i,0n,0p,54b,6s stack positions out of 10000i,1000n,20000p,200000b,200000s
!  ==> Fatal error occurred, no output PDF file produced!
